[     167ms] Invalid or unexpected token
[     581ms] [ERROR] Attestation check for Attribution Reporting on https://www.facebook.com failed. @ https://alven.ai/:0
[   15183ms] [WARNING] The resource https://alven.ai/sections/success-stories/slide3.webp was preloaded using link preload but not used within a few seconds from the window's load event. Please make sure it has an appropriate `as` value and it is preloaded intentionally. @ https://alven.ai/:0
[   15183ms] [WARNING] The resource https://alven.ai/image/hero-bg-layer-texture.webp was preloaded using link preload but not used within a few seconds from the window's load event. Please make sure it has an appropriate `as` value and it is preloaded intentionally. @ https://alven.ai/:0
[   15183ms] [WARNING] The resource https://alven.ai/sections/success-stories/slide2.webp was preloaded using link preload but not used within a few seconds from the window's load event. Please make sure it has an appropriate `as` value and it is preloaded intentionally. @ https://alven.ai/:0
[   20888ms] [WARNING] The resource https://alven.ai/sections/success-stories/slide3.webp was preloaded using link preload but not used within a few seconds from the window's load event. Please make sure it has an appropriate `as` value and it is preloaded intentionally. @ https://alven.ai/:0
[   20888ms] [WARNING] The resource https://alven.ai/image/hero-bg-layer-texture.webp was preloaded using link preload but not used within a few seconds from the window's load event. Please make sure it has an appropriate `as` value and it is preloaded intentionally. @ https://alven.ai/:0
[   20888ms] [WARNING] The resource https://alven.ai/sections/success-stories/slide2.webp was preloaded using link preload but not used within a few seconds from the window's load event. Please make sure it has an appropriate `as` value and it is preloaded intentionally. @ https://alven.ai/:0
[   27185ms] [WARNING] The resource https://alven.ai/sections/success-stories/slide3.webp was preloaded using link preload but not used within a few seconds from the window's load event. Please make sure it has an appropriate `as` value and it is preloaded intentionally. @ https://alven.ai/:0
[   27185ms] [WARNING] The resource https://alven.ai/image/hero-bg-layer-texture.webp was preloaded using link preload but not used within a few seconds from the window's load event. Please make sure it has an appropriate `as` value and it is preloaded intentionally. @ https://alven.ai/:0
[   27185ms] [WARNING] The resource https://alven.ai/sections/success-stories/slide2.webp was preloaded using link preload but not used within a few seconds from the window's load event. Please make sure it has an appropriate `as` value and it is preloaded intentionally. @ https://alven.ai/:0
[   34472ms] [WARNING] The resource https://alven.ai/sections/success-stories/slide3.webp was preloaded using link preload but not used within a few seconds from the window's load event. Please make sure it has an appropriate `as` value and it is preloaded intentionally. @ https://alven.ai/:0
[   34472ms] [WARNING] The resource https://alven.ai/image/hero-bg-layer-texture.webp was preloaded using link preload but not used within a few seconds from the window's load event. Please make sure it has an appropriate `as` value and it is preloaded intentionally. @ https://alven.ai/:0
[   34472ms] [WARNING] The resource https://alven.ai/sections/success-stories/slide2.webp was preloaded using link preload but not used within a few seconds from the window's load event. Please make sure it has an appropriate `as` value and it is preloaded intentionally. @ https://alven.ai/:0
[   42463ms] [WARNING] The resource https://alven.ai/sections/success-stories/slide3.webp was preloaded using link preload but not used within a few seconds from the window's load event. Please make sure it has an appropriate `as` value and it is preloaded intentionally. @ https://alven.ai/:0
[   42463ms] [WARNING] The resource https://alven.ai/image/hero-bg-layer-texture.webp was preloaded using link preload but not used within a few seconds from the window's load event. Please make sure it has an appropriate `as` value and it is preloaded intentionally. @ https://alven.ai/:0
[   42463ms] [WARNING] The resource https://alven.ai/sections/success-stories/slide2.webp was preloaded using link preload but not used within a few seconds from the window's load event. Please make sure it has an appropriate `as` value and it is preloaded intentionally. @ https://alven.ai/:0
[   51576ms] [WARNING] The resource https://alven.ai/sections/success-stories/slide3.webp was preloaded using link preload but not used within a few seconds from the window's load event. Please make sure it has an appropriate `as` value and it is preloaded intentionally. @ https://alven.ai/:0
[   51577ms] [WARNING] The resource https://alven.ai/image/hero-bg-layer-texture.webp was preloaded using link preload but not used within a few seconds from the window's load event. Please make sure it has an appropriate `as` value and it is preloaded intentionally. @ https://alven.ai/:0
[   51577ms] [WARNING] The resource https://alven.ai/sections/success-stories/slide2.webp was preloaded using link preload but not used within a few seconds from the window's load event. Please make sure it has an appropriate `as` value and it is preloaded intentionally. @ https://alven.ai/:0
[   62771ms] [WARNING] The resource https://alven.ai/sections/success-stories/slide3.webp was preloaded using link preload but not used within a few seconds from the window's load event. Please make sure it has an appropriate `as` value and it is preloaded intentionally. @ https://alven.ai/:0
[   62771ms] [WARNING] The resource https://alven.ai/image/hero-bg-layer-texture.webp was preloaded using link preload but not used within a few seconds from the window's load event. Please make sure it has an appropriate `as` value and it is preloaded intentionally. @ https://alven.ai/:0
[   62771ms] [WARNING] The resource https://alven.ai/sections/success-stories/slide2.webp was preloaded using link preload but not used within a few seconds from the window's load event. Please make sure it has an appropriate `as` value and it is preloaded intentionally. @ https://alven.ai/:0
[   73866ms] [WARNING] The resource https://alven.ai/sections/success-stories/slide3.webp was preloaded using link preload but not used within a few seconds from the window's load event. Please make sure it has an appropriate `as` value and it is preloaded intentionally. @ https://alven.ai/:0
[   73866ms] [WARNING] The resource https://alven.ai/image/hero-bg-layer-texture.webp was preloaded using link preload but not used within a few seconds from the window's load event. Please make sure it has an appropriate `as` value and it is preloaded intentionally. @ https://alven.ai/:0
[   73866ms] [WARNING] The resource https://alven.ai/sections/success-stories/slide2.webp was preloaded using link preload but not used within a few seconds from the window's load event. Please make sure it has an appropriate `as` value and it is preloaded intentionally. @ https://alven.ai/:0
[   86092ms] [WARNING] The resource https://alven.ai/sections/success-stories/slide3.webp was preloaded using link preload but not used within a few seconds from the window's load event. Please make sure it has an appropriate `as` value and it is preloaded intentionally. @ https://alven.ai/:0
[   86092ms] [WARNING] The resource https://alven.ai/image/hero-bg-layer-texture.webp was preloaded using link preload but not used within a few seconds from the window's load event. Please make sure it has an appropriate `as` value and it is preloaded intentionally. @ https://alven.ai/:0
[   86092ms] [WARNING] The resource https://alven.ai/sections/success-stories/slide2.webp was preloaded using link preload but not used within a few seconds from the window's load event. Please make sure it has an appropriate `as` value and it is preloaded intentionally. @ https://alven.ai/:0
[   99483ms] [WARNING] The resource https://alven.ai/sections/success-stories/slide3.webp was preloaded using link preload but not used within a few seconds from the window's load event. Please make sure it has an appropriate `as` value and it is preloaded intentionally. @ https://alven.ai/:0
[   99483ms] [WARNING] The resource https://alven.ai/image/hero-bg-layer-texture.webp was preloaded using link preload but not used within a few seconds from the window's load event. Please make sure it has an appropriate `as` value and it is preloaded intentionally. @ https://alven.ai/:0
[   99483ms] [WARNING] The resource https://alven.ai/sections/success-stories/slide2.webp was preloaded using link preload but not used within a few seconds from the window's load event. Please make sure it has an appropriate `as` value and it is preloaded intentionally. @ https://alven.ai/:0
[  113553ms] [WARNING] The resource https://alven.ai/sections/success-stories/slide3.webp was preloaded using link preload but not used within a few seconds from the window's load event. Please make sure it has an appropriate `as` value and it is preloaded intentionally. @ https://alven.ai/:0
[  113553ms] [WARNING] The resource https://alven.ai/image/hero-bg-layer-texture.webp was preloaded using link preload but not used within a few seconds from the window's load event. Please make sure it has an appropriate `as` value and it is preloaded intentionally. @ https://alven.ai/:0
[  113553ms] [WARNING] The resource https://alven.ai/sections/success-stories/slide2.webp was preloaded using link preload but not used within a few seconds from the window's load event. Please make sure it has an appropriate `as` value and it is preloaded intentionally. @ https://alven.ai/:0
